<?xml version="1.0" encoding="UTF-8"?>
<testng-results skipped="0" failed="0" ignored="0" total="1" passed="1">
  <reporter-output>
  </reporter-output>
  <suite name="Default suite" duration-ms="5933" started-at="2019-12-18T06:48:14Z" finished-at="2019-12-18T06:48:20Z">
    <groups>
    </groups>
    <test name="Default test" duration-ms="5933" started-at="2019-12-18T06:48:14Z" finished-at="2019-12-18T06:48:20Z">
      <class name="com.knoldus.snap3.Snap3_1LoginCheckWithValidCredentials">
        <test-method status="PASS" signature="checkLogin()[pri:0, instance:com.knoldus.snap3.Snap3_1LoginCheckWithValidCredentials@6767c1fc]" name="checkLogin" duration-ms="5912" started-at="2019-12-18T06:48:14Z" finished-at="2019-12-18T06:48:20Z">
          <reporter-output>
          </reporter-output>
        </test-method> <!-- checkLogin -->
      </class> <!-- com.knoldus.snap3.Snap3_1LoginCheckWithValidCredentials -->
    </test> <!-- Default test -->
  </suite> <!-- Default suite -->
</testng-results>
